# JRE version: OpenJDK Runtime Environment (8.0_152-b01) (build 1.8.0_152-release-1343-b01)
# Java VM: OpenJDK 64-Bit Server VM (25.152-b01 mixed mode windows-amd64 compressed oops)
Heap:
 PSYoungGen      total 258048K, used 48965K [0x00000000eab00000, 0x00000000ff700000, 0x0000000100000000)
  eden space 202240K, 15% used [0x00000000eab00000,0x00000000eca01db0,0x00000000f7080000)
  from space 55808K, 30% used [0x00000000fc080000,0x00000000fd14f6c8,0x00000000ff700000)
  to   space 49664K, 0% used [0x00000000f7080000,0x00000000f7080000,0x00000000fa100000)
 ParOldGen       total 142336K, used 141936K [0x00000000c0000000, 0x00000000c8b00000, 0x00000000eab00000)
  object space 142336K, 99% used [0x00000000c0000000,0x00000000c8a9c128,0x00000000c8b00000)
 Metaspace       used 89275K, capacity 94786K, committed 95576K, reserved 1132544K
  class space    used 11289K, capacity 12476K, committed 12672K, reserved 1048576K
GC Heap History (10 events):
Event: 3149.793 GC heap before
{Heap before GC invocations=27 (full 4):
 PSYoungGen      total 230400K, used 26151K [0x00000000eab00000, 0x00000000fd280000, 0x0000000100000000)
  eden space 177664K, 0% used [0x00000000eab00000,0x00000000eab00000,0x00000000f5880000)
  from space 52736K, 49% used [0x00000000f5880000,0x00000000f7209fa8,0x00000000f8c00000)
  to   space 50688K, 0% used [0x00000000fa100000,0x00000000fa100000,0x00000000fd280000)
 ParOldGen       total 118272K, used 111125K [0x00000000c0000000, 0x00000000c7380000, 0x00000000eab00000)
  object space 118272K, 93% used [0x00000000c0000000,0x00000000c6c855f8,0x00000000c7380000)
 Metaspace       used 86172K, capacity 91942K, committed 92248K, reserved 1128448K
  class space    used 11070K, capacity 12347K, committed 12416K, reserved 1048576K
Event: 3150.198 GC heap after
Heap after GC invocations=27 (full 4):
 PSYoungGen      total 230400K, used 0K [0x00000000eab00000, 0x00000000fd280000, 0x0000000100000000)
  eden space 177664K, 0% used [0x00000000eab00000,0x00000000eab00000,0x00000000f5880000)
  from space 52736K, 0% used [0x00000000f5880000,0x00000000f5880000,0x00000000f8c00000)
  to   space 50688K, 0% used [0x00000000fa100000,0x00000000fa100000,0x00000000fd280000)
 ParOldGen       total 118272K, used 81335K [0x00000000c0000000, 0x00000000c7380000, 0x00000000eab00000)
  object space 118272K, 68% used [0x00000000c0000000,0x00000000c4f6dd90,0x00000000c7380000)
 Metaspace       used 85659K, capacity 91010K, committed 92248K, reserved 1128448K
  class space    used 10979K, capacity 12164K, committed 12416K, reserved 1048576K
}
Event: 3156.042 GC heap before
{Heap before GC invocations=28 (full 4):
 PSYoungGen      total 230400K, used 177664K [0x00000000eab00000, 0x00000000fd280000, 0x0000000100000000)
  eden space 177664K, 100% used [0x00000000eab00000,0x00000000f5880000,0x00000000f5880000)
  from space 52736K, 0% used [0x00000000f5880000,0x00000000f5880000,0x00000000f8c00000)
  to   space 50688K, 0% used [0x00000000fa100000,0x00000000fa100000,0x00000000fd280000)
 ParOldGen       total 118272K, used 81335K [0x00000000c0000000, 0x00000000c7380000, 0x00000000eab00000)
  object space 118272K, 68% used [0x00000000c0000000,0x00000000c4f6dd90,0x00000000c7380000)
 Metaspace       used 88944K, capacity 94498K, committed 95192K, reserved 1132544K
  class space    used 11263K, capacity 12434K, committed 12544K, reserved 1048576K
Event: 3156.103 GC heap after
Heap after GC invocations=28 (full 4):
 PSYoungGen      total 252928K, used 15404K [0x00000000eab00000, 0x00000000fd400000, 0x0000000100000000)
  eden space 202240K, 0% used [0x00000000eab00000,0x00000000eab00000,0x00000000f7080000)
  from space 50688K, 30% used [0x00000000fa100000,0x00000000fb00b3c0,0x00000000fd280000)
  to   space 49664K, 0% used [0x00000000f7080000,0x00000000f7080000,0x00000000fa100000)
 ParOldGen       total 118272K, used 81343K [0x00000000c0000000, 0x00000000c7380000, 0x00000000eab00000)
  object space 118272K, 68% used [0x00000000c0000000,0x00000000c4f6fd90,0x00000000c7380000)
 Metaspace       used 88944K, capacity 94498K, committed 95192K, reserved 1132544K
  class space    used 11263K, capacity 12434K, committed 12544K, reserved 1048576K
}
Event: 3157.435 GC heap before
{Heap before GC invocations=29 (full 4):
 PSYoungGen      total 252928K, used 217644K [0x00000000eab00000, 0x00000000fd400000, 0x0000000100000000)
  eden space 202240K, 100% used [0x00000000eab00000,0x00000000f7080000,0x00000000f7080000)
  from space 50688K, 30% used [0x00000000fa100000,0x00000000fb00b3c0,0x00000000fd280000)
  to   space 49664K, 0% used [0x00000000f7080000,0x00000000f7080000,0x00000000fa100000)
 ParOldGen       total 118272K, used 81343K [0x00000000c0000000, 0x00000000c7380000, 0x00000000eab00000)
  object space 118272K, 68% used [0x00000000c0000000,0x00000000c4f6fd90,0x00000000c7380000)
 Metaspace       used 89180K, capacity 94734K, committed 95576K, reserved 1132544K
  class space    used 11291K, capacity 12468K, committed 12672K, reserved 1048576K
Event: 3157.464 GC heap after
Heap after GC invocations=29 (full 4):
 PSYoungGen      total 251904K, used 47123K [0x00000000eab00000, 0x00000000ff700000, 0x0000000100000000)
  eden space 202240K, 0% used [0x00000000eab00000,0x00000000eab00000,0x00000000f7080000)
  from space 49664K, 94% used [0x00000000f7080000,0x00000000f9e84dd8,0x00000000fa100000)
  to   space 55808K, 0% used [0x00000000fc080000,0x00000000fc080000,0x00000000ff700000)
 ParOldGen       total 118272K, used 81615K [0x00000000c0000000, 0x00000000c7380000, 0x00000000eab00000)
  object space 118272K, 69% used [0x00000000c0000000,0x00000000c4fb3da8,0x00000000c7380000)
 Metaspace       used 89180K, capacity 94734K, committed 95576K, reserved 1132544K
  class space    used 11291K, capacity 12468K, committed 12672K, reserved 1048576K
}
Event: 3158.320 GC heap before
{Heap before GC invocations=30 (full 4):
 PSYoungGen      total 251904K, used 249363K [0x00000000eab00000, 0x00000000ff700000, 0x0000000100000000)
  eden space 202240K, 100% used [0x00000000eab00000,0x00000000f7080000,0x00000000f7080000)
  from space 49664K, 94% used [0x00000000f7080000,0x00000000f9e84dd8,0x00000000fa100000)
  to   space 55808K, 0% used [0x00000000fc080000,0x00000000fc080000,0x00000000ff700000)
 ParOldGen       total 118272K, used 81615K [0x00000000c0000000, 0x00000000c7380000, 0x00000000eab00000)
  object space 118272K, 69% used [0x00000000c0000000,0x00000000c4fb3da8,0x00000000c7380000)
 Metaspace       used 89315K, capacity 94896K, committed 95576K, reserved 1132544K
  class space    used 11304K, capacity 12501K, committed 12672K, reserved 1048576K
Event: 3158.454 GC heap after
Heap after GC invocations=30 (full 4):
 PSYoungGen      total 258048K, used 55777K [0x00000000eab00000, 0x00000000ff700000, 0x0000000100000000)
  eden space 202240K, 0% used [0x00000000eab00000,0x00000000eab00000,0x00000000f7080000)
  from space 55808K, 99% used [0x00000000fc080000,0x00000000ff6f84d8,0x00000000ff700000)
  to   space 49664K, 0% used [0x00000000f7080000,0x00000000f7080000,0x00000000fa100000)
 ParOldGen       total 142336K, used 141346K [0x00000000c0000000, 0x00000000c8b00000, 0x00000000eab00000)
  object space 142336K, 99% used [0x00000000c0000000,0x00000000c8a08be8,0x00000000c8b00000)
 Metaspace       used 89315K, capacity 94896K, committed 95576K, reserved 1132544K
  class space    used 11304K, capacity 12501K, committed 12672K, reserved 1048576K
}
Event: 3158.454 GC heap before
{Heap before GC invocations=31 (full 5):
 PSYoungGen      total 258048K, used 55777K [0x00000000eab00000, 0x00000000ff700000, 0x0000000100000000)
  eden space 202240K, 0% used [0x00000000eab00000,0x00000000eab00000,0x00000000f7080000)
  from space 55808K, 99% used [0x00000000fc080000,0x00000000ff6f84d8,0x00000000ff700000)
  to   space 49664K, 0% used [0x00000000f7080000,0x00000000f7080000,0x00000000fa100000)
 ParOldGen       total 142336K, used 141346K [0x00000000c0000000, 0x00000000c8b00000, 0x00000000eab00000)
  object space 142336K, 99% used [0x00000000c0000000,0x00000000c8a08be8,0x00000000c8b00000)
 Metaspace       used 89315K, capacity 94896K, committed 95576K, reserved 1132544K
  class space    used 11304K, capacity 12501K, committed 12672K, reserved 1048576K
Event: 3159.446 GC heap after
Heap after GC invocations=31 (full 5):
 PSYoungGen      total 258048K, used 17213K [0x00000000eab00000, 0x00000000ff700000, 0x0000000100000000)
  eden space 202240K, 0% used [0x00000000eab00000,0x00000000eab00000,0x00000000f7080000)
  from space 55808K, 30% used [0x00000000fc080000,0x00000000fd14f6c8,0x00000000ff700000)
  to   space 49664K, 0% used [0x00000000f7080000,0x00000000f7080000,0x00000000fa100000)
 ParOldGen       total 142336K, used 141936K [0x00000000c0000000, 0x00000000c8b00000, 0x00000000eab00000)
  object space 142336K, 99% used [0x00000000c0000000,0x00000000c8a9c128,0x00000000c8b00000)
 Metaspace       used 89275K, capacity 94786K, committed 95576K, reserved 1132544K
  class space    used 11289K, capacity 12476K, committed 12672K, reserved 1048576K
}

