# JRE version: OpenJDK Runtime Environment (8.0_152-b01) (build 1.8.0_152-release-1343-b01)
# Java VM: OpenJDK 64-Bit Server VM (25.152-b01 mixed mode windows-amd64 compressed oops)
Heap:
 PSYoungGen      total 281600K, used 82979K [0x00000000eab00000, 0x00000000ffe00000, 0x0000000100000000)
  eden space 220160K, 37% used [0x00000000eab00000,0x00000000efaa42d8,0x00000000f8200000)
  from space 61440K, 2% used [0x00000000fc200000,0x00000000fc364a48,0x00000000ffe00000)
  to   space 63488K, 0% used [0x00000000f8200000,0x00000000f8200000,0x00000000fc000000)
 ParOldGen       total 269312K, used 161288K [0x00000000c0000000, 0x00000000d0700000, 0x00000000eab00000)
  object space 269312K, 59% used [0x00000000c0000000,0x00000000c9d82380,0x00000000d0700000)
 Metaspace       used 86383K, capacity 91188K, committed 91392K, reserved 1128448K
  class space    used 11003K, capacity 12017K, committed 12032K, reserved 1048576K
GC Heap History (10 events):
Event: 266.014 GC heap before
{Heap before GC invocations=41 (full 5):
 PSYoungGen      total 282112K, used 234371K [0x00000000eab00000, 0x00000000ffd00000, 0x0000000100000000)
  eden space 219136K, 100% used [0x00000000eab00000,0x00000000f8100000,0x00000000f8100000)
  from space 62976K, 24% used [0x00000000f8100000,0x00000000f8fe0cb8,0x00000000fbe80000)
  to   space 61952K, 0% used [0x00000000fc080000,0x00000000fc080000,0x00000000ffd00000)
 ParOldGen       total 269312K, used 141945K [0x00000000c0000000, 0x00000000d0700000, 0x00000000eab00000)
  object space 269312K, 52% used [0x00000000c0000000,0x00000000c8a9e6d8,0x00000000d0700000)
 Metaspace       used 85885K, capacity 90408K, committed 90624K, reserved 1128448K
  class space    used 10940K, capacity 11913K, committed 12032K, reserved 1048576K
Event: 266.031 GC heap after
Heap after GC invocations=41 (full 5):
 PSYoungGen      total 285184K, used 11955K [0x00000000eab00000, 0x00000000ffd00000, 0x0000000100000000)
  eden space 223232K, 0% used [0x00000000eab00000,0x00000000eab00000,0x00000000f8500000)
  from space 61952K, 19% used [0x00000000fc080000,0x00000000fcc2cc88,0x00000000ffd00000)
  to   space 60928K, 0% used [0x00000000f8500000,0x00000000f8500000,0x00000000fc080000)
 ParOldGen       total 269312K, used 148841K [0x00000000c0000000, 0x00000000d0700000, 0x00000000eab00000)
  object space 269312K, 55% used [0x00000000c0000000,0x00000000c915a6e8,0x00000000d0700000)
 Metaspace       used 85885K, capacity 90408K, committed 90624K, reserved 1128448K
  class space    used 10940K, capacity 11913K, committed 12032K, reserved 1048576K
}
Event: 267.057 GC heap before
{Heap before GC invocations=42 (full 5):
 PSYoungGen      total 285184K, used 235187K [0x00000000eab00000, 0x00000000ffd00000, 0x0000000100000000)
  eden space 223232K, 100% used [0x00000000eab00000,0x00000000f8500000,0x00000000f8500000)
  from space 61952K, 19% used [0x00000000fc080000,0x00000000fcc2cc88,0x00000000ffd00000)
  to   space 60928K, 0% used [0x00000000f8500000,0x00000000f8500000,0x00000000fc080000)
 ParOldGen       total 269312K, used 148841K [0x00000000c0000000, 0x00000000d0700000, 0x00000000eab00000)
  object space 269312K, 55% used [0x00000000c0000000,0x00000000c915a6e8,0x00000000d0700000)
 Metaspace       used 85933K, capacity 90504K, committed 90880K, reserved 1128448K
  class space    used 10944K, capacity 11919K, committed 12032K, reserved 1048576K
Event: 267.069 GC heap after
Heap after GC invocations=42 (full 5):
 PSYoungGen      total 284160K, used 6528K [0x00000000eab00000, 0x00000000fff00000, 0x0000000100000000)
  eden space 223232K, 0% used [0x00000000eab00000,0x00000000eab00000,0x00000000f8500000)
  from space 60928K, 10% used [0x00000000f8500000,0x00000000f8b60020,0x00000000fc080000)
  to   space 60928K, 0% used [0x00000000fc380000,0x00000000fc380000,0x00000000fff00000)
 ParOldGen       total 269312K, used 155028K [0x00000000c0000000, 0x00000000d0700000, 0x00000000eab00000)
  object space 269312K, 57% used [0x00000000c0000000,0x00000000c9765320,0x00000000d0700000)
 Metaspace       used 85933K, capacity 90504K, committed 90880K, reserved 1128448K
  class space    used 10944K, capacity 11919K, committed 12032K, reserved 1048576K
}
Event: 268.071 GC heap before
{Heap before GC invocations=43 (full 5):
 PSYoungGen      total 284160K, used 229760K [0x00000000eab00000, 0x00000000fff00000, 0x0000000100000000)
  eden space 223232K, 100% used [0x00000000eab00000,0x00000000f8500000,0x00000000f8500000)
  from space 60928K, 10% used [0x00000000f8500000,0x00000000f8b60020,0x00000000fc080000)
  to   space 60928K, 0% used [0x00000000fc380000,0x00000000fc380000,0x00000000fff00000)
 ParOldGen       total 269312K, used 155028K [0x00000000c0000000, 0x00000000d0700000, 0x00000000eab00000)
  object space 269312K, 57% used [0x00000000c0000000,0x00000000c9765320,0x00000000d0700000)
 Metaspace       used 85972K, capacity 90552K, committed 90880K, reserved 1128448K
  class space    used 10952K, capacity 11955K, committed 12032K, reserved 1048576K
Event: 268.087 GC heap after
Heap after GC invocations=43 (full 5):
 PSYoungGen      total 279040K, used 47416K [0x00000000eab00000, 0x0000000100000000, 0x0000000100000000)
  eden space 218112K, 0% used [0x00000000eab00000,0x00000000eab00000,0x00000000f8000000)
  from space 60928K, 77% used [0x00000000fc380000,0x00000000ff1ce028,0x00000000fff00000)
  to   space 65536K, 0% used [0x00000000f8000000,0x00000000f8000000,0x00000000fc000000)
 ParOldGen       total 269312K, used 161088K [0x00000000c0000000, 0x00000000d0700000, 0x00000000eab00000)
  object space 269312K, 59% used [0x00000000c0000000,0x00000000c9d50370,0x00000000d0700000)
 Metaspace       used 85972K, capacity 90552K, committed 90880K, reserved 1128448K
  class space    used 10952K, capacity 11955K, committed 12032K, reserved 1048576K
}
Event: 269.241 GC heap before
{Heap before GC invocations=44 (full 5):
 PSYoungGen      total 279040K, used 265320K [0x00000000eab00000, 0x0000000100000000, 0x0000000100000000)
  eden space 218112K, 99% used [0x00000000eab00000,0x00000000f7fcc2d0,0x00000000f8000000)
  from space 60928K, 77% used [0x00000000fc380000,0x00000000ff1ce028,0x00000000fff00000)
  to   space 65536K, 0% used [0x00000000f8000000,0x00000000f8000000,0x00000000fc000000)
 ParOldGen       total 269312K, used 161088K [0x00000000c0000000, 0x00000000d0700000, 0x00000000eab00000)
  object space 269312K, 59% used [0x00000000c0000000,0x00000000c9d50370,0x00000000d0700000)
 Metaspace       used 86283K, capacity 91062K, committed 91136K, reserved 1128448K
  class space    used 10997K, capacity 12008K, committed 12032K, reserved 1048576K
Event: 269.245 GC heap after
Heap after GC invocations=44 (full 5):
 PSYoungGen      total 283648K, used 16918K [0x00000000eab00000, 0x0000000100000000, 0x0000000100000000)
  eden space 218112K, 0% used [0x00000000eab00000,0x00000000eab00000,0x00000000f8000000)
  from space 65536K, 25% used [0x00000000f8000000,0x00000000f9085b80,0x00000000fc000000)
  to   space 63488K, 0% used [0x00000000fc200000,0x00000000fc200000,0x0000000100000000)
 ParOldGen       total 269312K, used 161280K [0x00000000c0000000, 0x00000000d0700000, 0x00000000eab00000)
  object space 269312K, 59% used [0x00000000c0000000,0x00000000c9d80380,0x00000000d0700000)
 Metaspace       used 86283K, capacity 91062K, committed 91136K, reserved 1128448K
  class space    used 10997K, capacity 12008K, committed 12032K, reserved 1048576K
}
Event: 269.303 GC heap before
{Heap before GC invocations=45 (full 5):
 PSYoungGen      total 283648K, used 234840K [0x00000000eab00000, 0x0000000100000000, 0x0000000100000000)
  eden space 218112K, 99% used [0x00000000eab00000,0x00000000f7fd0778,0x00000000f8000000)
  from space 65536K, 25% used [0x00000000f8000000,0x00000000f9085b80,0x00000000fc000000)
  to   space 63488K, 0% used [0x00000000fc200000,0x00000000fc200000,0x0000000100000000)
 ParOldGen       total 269312K, used 161280K [0x00000000c0000000, 0x00000000d0700000, 0x00000000eab00000)
  object space 269312K, 59% used [0x00000000c0000000,0x00000000c9d80380,0x00000000d0700000)
 Metaspace       used 86300K, capacity 91062K, committed 91136K, reserved 1128448K
  class space    used 10997K, capacity 12008K, committed 12032K, reserved 1048576K
Event: 269.306 GC heap after
Heap after GC invocations=45 (full 5):
 PSYoungGen      total 281600K, used 1426K [0x00000000eab00000, 0x00000000ffe00000, 0x0000000100000000)
  eden space 220160K, 0% used [0x00000000eab00000,0x00000000eab00000,0x00000000f8200000)
  from space 61440K, 2% used [0x00000000fc200000,0x00000000fc364a48,0x00000000ffe00000)
  to   space 63488K, 0% used [0x00000000f8200000,0x00000000f8200000,0x00000000fc000000)
 ParOldGen       total 269312K, used 161288K [0x00000000c0000000, 0x00000000d0700000, 0x00000000eab00000)
  object space 269312K, 59% used [0x00000000c0000000,0x00000000c9d82380,0x00000000d0700000)
 Metaspace       used 86300K, capacity 91062K, committed 91136K, reserved 1128448K
  class space    used 10997K, capacity 12008K, committed 12032K, reserved 1048576K
}

