# JRE version: OpenJDK Runtime Environment (8.0_152-b01) (build 1.8.0_152-release-1343-b01)
# Java VM: OpenJDK 64-Bit Server VM (25.152-b01 mixed mode windows-amd64 compressed oops)
Heap:
 PSYoungGen      total 38400K, used 26796K [0x00000000d5900000, 0x00000000dad00000, 0x0000000100000000)
  eden space 33280K, 69% used [0x00000000d5900000,0x00000000d6f71000,0x00000000d7980000)
  from space 5120K, 74% used [0x00000000d7980000,0x00000000d7d3a058,0x00000000d7e80000)
  to   space 9728K, 0% used [0x00000000da380000,0x00000000da380000,0x00000000dad00000)
 ParOldGen       total 41984K, used 4802K [0x0000000080a00000, 0x0000000083300000, 0x00000000d5900000)
  object space 41984K, 11% used [0x0000000080a00000,0x0000000080eb09e0,0x0000000083300000)
 Metaspace       used 25995K, capacity 26398K, committed 26800K, reserved 1073152K
  class space    used 3084K, capacity 3236K, committed 3248K, reserved 1048576K
GC Heap History (10 events):
Event: 13.250 GC heap before
{Heap before GC invocations=2 (full 0):
 PSYoungGen      total 38400K, used 38385K [0x00000000d5900000, 0x00000000d8380000, 0x0000000100000000)
  eden space 33280K, 100% used [0x00000000d5900000,0x00000000d7980000,0x00000000d7980000)
  from space 5120K, 99% used [0x00000000d7980000,0x00000000d7e7c740,0x00000000d7e80000)
  to   space 5120K, 0% used [0x00000000d7e80000,0x00000000d7e80000,0x00000000d8380000)
 ParOldGen       total 87552K, used 1900K [0x0000000080a00000, 0x0000000085f80000, 0x00000000d5900000)
  object space 87552K, 2% used [0x0000000080a00000,0x0000000080bdb1d8,0x0000000085f80000)
 Metaspace       used 16423K, capacity 16680K, committed 16896K, reserved 1064960K
  class space    used 1857K, capacity 1985K, committed 2048K, reserved 1048576K
Event: 13.255 GC heap after
Heap after GC invocations=2 (full 0):
 PSYoungGen      total 38400K, used 5105K [0x00000000d5900000, 0x00000000d8380000, 0x0000000100000000)
  eden space 33280K, 0% used [0x00000000d5900000,0x00000000d5900000,0x00000000d7980000)
  from space 5120K, 99% used [0x00000000d7e80000,0x00000000d837c608,0x00000000d8380000)
  to   space 5120K, 0% used [0x00000000d7980000,0x00000000d7980000,0x00000000d7e80000)
 ParOldGen       total 87552K, used 2806K [0x0000000080a00000, 0x0000000085f80000, 0x00000000d5900000)
  object space 87552K, 3% used [0x0000000080a00000,0x0000000080cbd9b0,0x0000000085f80000)
 Metaspace       used 16423K, capacity 16680K, committed 16896K, reserved 1064960K
  class space    used 1857K, capacity 1985K, committed 2048K, reserved 1048576K
}
Event: 26.534 GC heap before
{Heap before GC invocations=3 (full 0):
 PSYoungGen      total 38400K, used 38385K [0x00000000d5900000, 0x00000000d8380000, 0x0000000100000000)
  eden space 33280K, 100% used [0x00000000d5900000,0x00000000d7980000,0x00000000d7980000)
  from space 5120K, 99% used [0x00000000d7e80000,0x00000000d837c608,0x00000000d8380000)
  to   space 5120K, 0% used [0x00000000d7980000,0x00000000d7980000,0x00000000d7e80000)
 ParOldGen       total 87552K, used 2806K [0x0000000080a00000, 0x0000000085f80000, 0x00000000d5900000)
  object space 87552K, 3% used [0x0000000080a00000,0x0000000080cbd9b0,0x0000000085f80000)
 Metaspace       used 20708K, capacity 21030K, committed 21248K, reserved 1069056K
  class space    used 2428K, capacity 2556K, committed 2560K, reserved 1048576K
Event: 26.540 GC heap after
Heap after GC invocations=3 (full 0):
 PSYoungGen      total 38400K, used 5089K [0x00000000d5900000, 0x00000000d8380000, 0x0000000100000000)
  eden space 33280K, 0% used [0x00000000d5900000,0x00000000d5900000,0x00000000d7980000)
  from space 5120K, 99% used [0x00000000d7980000,0x00000000d7e786b8,0x00000000d7e80000)
  to   space 5120K, 0% used [0x00000000d7e80000,0x00000000d7e80000,0x00000000d8380000)
 ParOldGen       total 87552K, used 6148K [0x0000000080a00000, 0x0000000085f80000, 0x00000000d5900000)
  object space 87552K, 7% used [0x0000000080a00000,0x00000000810012b0,0x0000000085f80000)
 Metaspace       used 20708K, capacity 21030K, committed 21248K, reserved 1069056K
  class space    used 2428K, capacity 2556K, committed 2560K, reserved 1048576K
}
Event: 26.547 GC heap before
{Heap before GC invocations=4 (full 0):
 PSYoungGen      total 38400K, used 6140K [0x00000000d5900000, 0x00000000d8380000, 0x0000000100000000)
  eden space 33280K, 3% used [0x00000000d5900000,0x00000000d5a06d18,0x00000000d7980000)
  from space 5120K, 99% used [0x00000000d7980000,0x00000000d7e786b8,0x00000000d7e80000)
  to   space 5120K, 0% used [0x00000000d7e80000,0x00000000d7e80000,0x00000000d8380000)
 ParOldGen       total 87552K, used 6148K [0x0000000080a00000, 0x0000000085f80000, 0x00000000d5900000)
  object space 87552K, 7% used [0x0000000080a00000,0x00000000810012b0,0x0000000085f80000)
 Metaspace       used 20843K, capacity 21126K, committed 21296K, reserved 1069056K
  class space    used 2442K, capacity 2588K, committed 2608K, reserved 1048576K
Event: 26.550 GC heap after
Heap after GC invocations=4 (full 0):
 PSYoungGen      total 38400K, used 4921K [0x00000000d5900000, 0x00000000da400000, 0x0000000100000000)
  eden space 33280K, 0% used [0x00000000d5900000,0x00000000d5900000,0x00000000d7980000)
  from space 5120K, 96% used [0x00000000d7e80000,0x00000000d834e658,0x00000000d8380000)
  to   space 5120K, 0% used [0x00000000d7980000,0x00000000d7980000,0x00000000d7e80000)
 ParOldGen       total 87552K, used 6148K [0x0000000080a00000, 0x0000000085f80000, 0x00000000d5900000)
  object space 87552K, 7% used [0x0000000080a00000,0x00000000810012b0,0x0000000085f80000)
 Metaspace       used 20843K, capacity 21126K, committed 21296K, reserved 1069056K
  class space    used 2442K, capacity 2588K, committed 2608K, reserved 1048576K
}
Event: 26.550 GC heap before
{Heap before GC invocations=5 (full 1):
 PSYoungGen      total 38400K, used 4921K [0x00000000d5900000, 0x00000000da400000, 0x0000000100000000)
  eden space 33280K, 0% used [0x00000000d5900000,0x00000000d5900000,0x00000000d7980000)
  from space 5120K, 96% used [0x00000000d7e80000,0x00000000d834e658,0x00000000d8380000)
  to   space 5120K, 0% used [0x00000000d7980000,0x00000000d7980000,0x00000000d7e80000)
 ParOldGen       total 87552K, used 6148K [0x0000000080a00000, 0x0000000085f80000, 0x00000000d5900000)
  object space 87552K, 7% used [0x0000000080a00000,0x00000000810012b0,0x0000000085f80000)
 Metaspace       used 20843K, capacity 21126K, committed 21296K, reserved 1069056K
  class space    used 2442K, capacity 2588K, committed 2608K, reserved 1048576K
Event: 26.571 GC heap after
Heap after GC invocations=5 (full 1):
 PSYoungGen      total 38400K, used 0K [0x00000000d5900000, 0x00000000da400000, 0x0000000100000000)
  eden space 33280K, 0% used [0x00000000d5900000,0x00000000d5900000,0x00000000d7980000)
  from space 5120K, 0% used [0x00000000d7e80000,0x00000000d7e80000,0x00000000d8380000)
  to   space 5120K, 0% used [0x00000000d7980000,0x00000000d7980000,0x00000000d7e80000)
 ParOldGen       total 41984K, used 4794K [0x0000000080a00000, 0x0000000083300000, 0x00000000d5900000)
  object space 41984K, 11% used [0x0000000080a00000,0x0000000080eae9e0,0x0000000083300000)
 Metaspace       used 20843K, capacity 21126K, committed 21296K, reserved 1069056K
  class space    used 2442K, capacity 2588K, committed 2608K, reserved 1048576K
}
Event: 26.873 GC heap before
{Heap before GC invocations=6 (full 1):
 PSYoungGen      total 38400K, used 33280K [0x00000000d5900000, 0x00000000da400000, 0x0000000100000000)
  eden space 33280K, 100% used [0x00000000d5900000,0x00000000d7980000,0x00000000d7980000)
  from space 5120K, 0% used [0x00000000d7e80000,0x00000000d7e80000,0x00000000d8380000)
  to   space 5120K, 0% used [0x00000000d7980000,0x00000000d7980000,0x00000000d7e80000)
 ParOldGen       total 41984K, used 4794K [0x0000000080a00000, 0x0000000083300000, 0x00000000d5900000)
  object space 41984K, 11% used [0x0000000080a00000,0x0000000080eae9e0,0x0000000083300000)
 Metaspace       used 24477K, capacity 24780K, committed 25136K, reserved 1071104K
  class space    used 2895K, capacity 3037K, committed 3120K, reserved 1048576K
Event: 26.878 GC heap after
Heap after GC invocations=6 (full 1):
 PSYoungGen      total 38400K, used 3816K [0x00000000d5900000, 0x00000000dad00000, 0x0000000100000000)
  eden space 33280K, 0% used [0x00000000d5900000,0x00000000d5900000,0x00000000d7980000)
  from space 5120K, 74% used [0x00000000d7980000,0x00000000d7d3a058,0x00000000d7e80000)
  to   space 9728K, 0% used [0x00000000da380000,0x00000000da380000,0x00000000dad00000)
 ParOldGen       total 41984K, used 4802K [0x0000000080a00000, 0x0000000083300000, 0x00000000d5900000)
  object space 41984K, 11% used [0x0000000080a00000,0x0000000080eb09e0,0x0000000083300000)
 Metaspace       used 24477K, capacity 24780K, committed 25136K, reserved 1071104K
  class space    used 2895K, capacity 3037K, committed 3120K, reserved 1048576K
}

